{"D:\\laragon\\www\\book-manager-node\\book.js": {"path":"D:\\laragon\\www\\book-manager-node\\book.js","statementMap":{"0":{"start":{"line":3,"column":8},"end":{"line":5,"column":9}},"1":{"start":{"line":4,"column":12},"end":{"line":4,"column":61}},"2":{"start":{"line":6,"column":8},"end":{"line":8,"column":9}},"3":{"start":{"line":7,"column":12},"end":{"line":7,"column":62}},"4":{"start":{"line":9,"column":8},"end":{"line":11,"column":9}},"5":{"start":{"line":10,"column":12},"end":{"line":10,"column":66}},"6":{"start":{"line":13,"column":8},"end":{"line":13,"column":34}},"7":{"start":{"line":14,"column":8},"end":{"line":14,"column":36}},"8":{"start":{"line":15,"column":8},"end":{"line":15,"column":25}},"9":{"start":{"line":19,"column":8},"end":{"line":19,"column":64}},"10":{"start":{"line":23,"column":8},"end":{"line":25,"column":9}},"11":{"start":{"line":24,"column":12},"end":{"line":24,"column":25}},"12":{"start":{"line":26,"column":8},"end":{"line":28,"column":40}},"13":{"start":{"line":32,"column":0},"end":{"line":32,"column":22}}},"fnMap":{"0":{"name":"(anonymous_0)","decl":{"start":{"line":2,"column":4},"end":{"line":2,"column":5}},"loc":{"start":{"line":2,"column":37},"end":{"line":16,"column":5}},"line":2},"1":{"name":"(anonymous_1)","decl":{"start":{"line":18,"column":4},"end":{"line":18,"column":5}},"loc":{"start":{"line":18,"column":15},"end":{"line":20,"column":5}},"line":18},"2":{"name":"(anonymous_2)","decl":{"start":{"line":22,"column":4},"end":{"line":22,"column":5}},"loc":{"start":{"line":22,"column":18},"end":{"line":29,"column":5}},"line":22}},"branchMap":{"0":{"loc":{"start":{"line":3,"column":8},"end":{"line":5,"column":9}},"type":"if","locations":[{"start":{"line":3,"column":8},"end":{"line":5,"column":9}},{"start":{},"end":{}}],"line":3},"1":{"loc":{"start":{"line":3,"column":12},"end":{"line":3,"column":35}},"type":"binary-expr","locations":[{"start":{"line":3,"column":12},"end":{"line":3,"column":18}},{"start":{"line":3,"column":22},"end":{"line":3,"column":35}}],"line":3},"2":{"loc":{"start":{"line":6,"column":8},"end":{"line":8,"column":9}},"type":"if","locations":[{"start":{"line":6,"column":8},"end":{"line":8,"column":9}},{"start":{},"end":{}}],"line":6},"3":{"loc":{"start":{"line":6,"column":12},"end":{"line":6,"column":37}},"type":"binary-expr","locations":[{"start":{"line":6,"column":12},"end":{"line":6,"column":19}},{"start":{"line":6,"column":23},"end":{"line":6,"column":37}}],"line":6},"4":{"loc":{"start":{"line":9,"column":8},"end":{"line":11,"column":9}},"type":"if","locations":[{"start":{"line":9,"column":8},"end":{"line":11,"column":9}},{"start":{},"end":{}}],"line":9},"5":{"loc":{"start":{"line":9,"column":12},"end":{"line":9,"column":35}},"type":"binary-expr","locations":[{"start":{"line":9,"column":12},"end":{"line":9,"column":20}},{"start":{"line":9,"column":24},"end":{"line":9,"column":35}}],"line":9},"6":{"loc":{"start":{"line":23,"column":8},"end":{"line":25,"column":9}},"type":"if","locations":[{"start":{"line":23,"column":8},"end":{"line":25,"column":9}},{"start":{},"end":{}}],"line":23},"7":{"loc":{"start":{"line":26,"column":15},"end":{"line":28,"column":39}},"type":"binary-expr","locations":[{"start":{"line":26,"column":15},"end":{"line":26,"column":41}},{"start":{"line":27,"column":15},"end":{"line":27,"column":43}},{"start":{"line":28,"column":15},"end":{"line":28,"column":39}}],"line":26}},"s":{"0":9,"1":0,"2":9,"3":0,"4":9,"5":0,"6":9,"7":9,"8":9,"9":0,"10":0,"11":0,"12":0,"13":1},"f":{"0":9,"1":0,"2":0},"b":{"0":[0,9],"1":[9,9],"2":[0,9],"3":[9,9],"4":[0,9],"5":[9,9],"6":[0,0],"7":[0,0,0]},"_coverageSchema":"1a1c01bbd47fc00a2c39e90264f33305004495a9","hash":"9273c63f10aa58f83143b100c938cb47b1460b34"}
,"D:\\laragon\\www\\book-manager-node\\bookManager.js": {"path":"D:\\laragon\\www\\book-manager-node\\bookManager.js","statementMap":{"0":{"start":{"line":1,"column":13},"end":{"line":1,"column":30}},"1":{"start":{"line":5,"column":8},"end":{"line":5,"column":24}},"2":{"start":{"line":8,"column":8},"end":{"line":10,"column":9}},"3":{"start":{"line":9,"column":12},"end":{"line":9,"column":51}},"4":{"start":{"line":11,"column":8},"end":{"line":11,"column":30}},"5":{"start":{"line":14,"column":8},"end":{"line":16,"column":9}},"6":{"start":{"line":15,"column":12},"end":{"line":15,"column":61}},"7":{"start":{"line":17,"column":27},"end":{"line":17,"column":53}},"8":{"start":{"line":18,"column":30},"end":{"line":18,"column":47}},"9":{"start":{"line":19,"column":8},"end":{"line":21,"column":10}},"10":{"start":{"line":20,"column":12},"end":{"line":20,"column":51}},"11":{"start":{"line":22,"column":8},"end":{"line":22,"column":49}},"12":{"start":{"line":25,"column":8},"end":{"line":25,"column":31}},"13":{"start":{"line":28,"column":8},"end":{"line":30,"column":9}},"14":{"start":{"line":29,"column":12},"end":{"line":29,"column":62}},"15":{"start":{"line":31,"column":28},"end":{"line":31,"column":55}},"16":{"start":{"line":32,"column":8},"end":{"line":34,"column":10}},"17":{"start":{"line":33,"column":12},"end":{"line":33,"column":53}},"18":{"start":{"line":37,"column":8},"end":{"line":39,"column":9}},"19":{"start":{"line":38,"column":12},"end":{"line":38,"column":63}},"20":{"start":{"line":40,"column":8},"end":{"line":40,"column":61}},"21":{"start":{"line":40,"column":41},"end":{"line":40,"column":59}},"22":{"start":{"line":43,"column":8},"end":{"line":43,"column":33}},"23":{"start":{"line":46,"column":8},"end":{"line":48,"column":9}},"24":{"start":{"line":47,"column":12},"end":{"line":47,"column":61}},"25":{"start":{"line":49,"column":27},"end":{"line":49,"column":53}},"26":{"start":{"line":50,"column":8},"end":{"line":52,"column":10}},"27":{"start":{"line":51,"column":12},"end":{"line":51,"column":51}},"28":{"start":{"line":55,"column":8},"end":{"line":55,"column":24}},"29":{"start":{"line":58,"column":0},"end":{"line":58,"column":29}}},"fnMap":{"0":{"name":"(anonymous_0)","decl":{"start":{"line":4,"column":4},"end":{"line":4,"column":5}},"loc":{"start":{"line":4,"column":18},"end":{"line":6,"column":5}},"line":4},"1":{"name":"(anonymous_1)","decl":{"start":{"line":7,"column":4},"end":{"line":7,"column":5}},"loc":{"start":{"line":7,"column":18},"end":{"line":12,"column":5}},"line":7},"2":{"name":"(anonymous_2)","decl":{"start":{"line":13,"column":4},"end":{"line":13,"column":5}},"loc":{"start":{"line":13,"column":22},"end":{"line":23,"column":5}},"line":13},"3":{"name":"(anonymous_3)","decl":{"start":{"line":19,"column":39},"end":{"line":19,"column":40}},"loc":{"start":{"line":20,"column":12},"end":{"line":20,"column":51}},"line":20},"4":{"name":"(anonymous_4)","decl":{"start":{"line":24,"column":4},"end":{"line":24,"column":5}},"loc":{"start":{"line":24,"column":18},"end":{"line":26,"column":5}},"line":24},"5":{"name":"(anonymous_5)","decl":{"start":{"line":27,"column":4},"end":{"line":27,"column":5}},"loc":{"start":{"line":27,"column":30},"end":{"line":35,"column":5}},"line":27},"6":{"name":"(anonymous_6)","decl":{"start":{"line":32,"column":33},"end":{"line":32,"column":34}},"loc":{"start":{"line":33,"column":12},"end":{"line":33,"column":53}},"line":33},"7":{"name":"(anonymous_7)","decl":{"start":{"line":36,"column":4},"end":{"line":36,"column":5}},"loc":{"start":{"line":36,"column":26},"end":{"line":41,"column":5}},"line":36},"8":{"name":"(anonymous_8)","decl":{"start":{"line":40,"column":33},"end":{"line":40,"column":34}},"loc":{"start":{"line":40,"column":41},"end":{"line":40,"column":59}},"line":40},"9":{"name":"(anonymous_9)","decl":{"start":{"line":42,"column":4},"end":{"line":42,"column":5}},"loc":{"start":{"line":42,"column":19},"end":{"line":44,"column":5}},"line":42},"10":{"name":"(anonymous_10)","decl":{"start":{"line":45,"column":4},"end":{"line":45,"column":5}},"loc":{"start":{"line":45,"column":24},"end":{"line":53,"column":5}},"line":45},"11":{"name":"(anonymous_11)","decl":{"start":{"line":50,"column":31},"end":{"line":50,"column":32}},"loc":{"start":{"line":51,"column":12},"end":{"line":51,"column":51}},"line":51},"12":{"name":"(anonymous_12)","decl":{"start":{"line":54,"column":4},"end":{"line":54,"column":5}},"loc":{"start":{"line":54,"column":20},"end":{"line":56,"column":5}},"line":54}},"branchMap":{"0":{"loc":{"start":{"line":8,"column":8},"end":{"line":10,"column":9}},"type":"if","locations":[{"start":{"line":8,"column":8},"end":{"line":10,"column":9}},{"start":{},"end":{}}],"line":8},"1":{"loc":{"start":{"line":14,"column":8},"end":{"line":16,"column":9}},"type":"if","locations":[{"start":{"line":14,"column":8},"end":{"line":16,"column":9}},{"start":{},"end":{}}],"line":14},"2":{"loc":{"start":{"line":14,"column":12},"end":{"line":14,"column":43}},"type":"binary-expr","locations":[{"start":{"line":14,"column":12},"end":{"line":14,"column":26}},{"start":{"line":14,"column":30},"end":{"line":14,"column":43}}],"line":14},"3":{"loc":{"start":{"line":28,"column":8},"end":{"line":30,"column":9}},"type":"if","locations":[{"start":{"line":28,"column":8},"end":{"line":30,"column":9}},{"start":{},"end":{}}],"line":28},"4":{"loc":{"start":{"line":28,"column":12},"end":{"line":28,"column":45}},"type":"binary-expr","locations":[{"start":{"line":28,"column":12},"end":{"line":28,"column":27}},{"start":{"line":28,"column":31},"end":{"line":28,"column":45}}],"line":28},"5":{"loc":{"start":{"line":37,"column":8},"end":{"line":39,"column":9}},"type":"if","locations":[{"start":{"line":37,"column":8},"end":{"line":39,"column":9}},{"start":{},"end":{}}],"line":37},"6":{"loc":{"start":{"line":37,"column":12},"end":{"line":37,"column":31}},"type":"binary-expr","locations":[{"start":{"line":37,"column":12},"end":{"line":37,"column":16}},{"start":{"line":37,"column":20},"end":{"line":37,"column":31}}],"line":37},"7":{"loc":{"start":{"line":46,"column":8},"end":{"line":48,"column":9}},"type":"if","locations":[{"start":{"line":46,"column":8},"end":{"line":48,"column":9}},{"start":{},"end":{}}],"line":46},"8":{"loc":{"start":{"line":46,"column":12},"end":{"line":46,"column":43}},"type":"binary-expr","locations":[{"start":{"line":46,"column":12},"end":{"line":46,"column":26}},{"start":{"line":46,"column":30},"end":{"line":46,"column":43}}],"line":46}},"s":{"0":1,"1":6,"2":9,"3":0,"4":9,"5":2,"6":0,"7":2,"8":2,"9":2,"10":2,"11":2,"12":1,"13":1,"14":0,"15":1,"16":1,"17":3,"18":0,"19":0,"20":0,"21":0,"22":4,"23":0,"24":0,"25":0,"26":0,"27":0,"28":0,"29":1},"f":{"0":6,"1":9,"2":2,"3":2,"4":1,"5":1,"6":3,"7":0,"8":0,"9":4,"10":0,"11":0,"12":0},"b":{"0":[0,9],"1":[0,2],"2":[2,2],"3":[0,1],"4":[1,1],"5":[0,0],"6":[0,0],"7":[0,0],"8":[0,0]},"_coverageSchema":"1a1c01bbd47fc00a2c39e90264f33305004495a9","hash":"3aa938955961a60735c7b472bb2236754451e16c"}
}
