TN:
SF:book.js
FN:2,(anonymous_0)
FN:18,(anonymous_1)
FN:22,(anonymous_2)
FNF:3
FNH:1
FNDA:9,(anonymous_0)
FNDA:0,(anonymous_1)
FNDA:0,(anonymous_2)
DA:3,9
DA:4,0
DA:6,9
DA:7,0
DA:9,9
DA:10,0
DA:13,9
DA:14,9
DA:15,9
DA:19,0
DA:23,0
DA:24,0
DA:26,0
DA:32,1
LF:14
LH:7
BRDA:3,0,0,0
BRDA:3,0,1,9
BRDA:3,1,0,9
BRDA:3,1,1,9
BRDA:6,2,0,0
BRDA:6,2,1,9
BRDA:6,3,0,9
BRDA:6,3,1,9
BRDA:9,4,0,0
BRDA:9,4,1,9
BRDA:9,5,0,9
BRDA:9,5,1,9
BRDA:23,6,0,0
BRDA:23,6,1,0
BRDA:26,7,0,0
BRDA:26,7,1,0
BRDA:26,7,2,0
BRF:17
BRH:9
end_of_record
TN:
SF:bookManager.js
FN:4,(anonymous_0)
FN:7,(anonymous_1)
FN:13,(anonymous_2)
FN:19,(anonymous_3)
FN:24,(anonymous_4)
FN:27,(anonymous_5)
FN:32,(anonymous_6)
FN:36,(anonymous_7)
FN:40,(anonymous_8)
FN:42,(anonymous_9)
FN:45,(anonymous_10)
FN:50,(anonymous_11)
FN:54,(anonymous_12)
FNF:13
FNH:8
FNDA:6,(anonymous_0)
FNDA:9,(anonymous_1)
FNDA:2,(anonymous_2)
FNDA:2,(anonymous_3)
FNDA:1,(anonymous_4)
FNDA:1,(anonymous_5)
FNDA:3,(anonymous_6)
FNDA:0,(anonymous_7)
FNDA:0,(anonymous_8)
FNDA:4,(anonymous_9)
FNDA:0,(anonymous_10)
FNDA:0,(anonymous_11)
FNDA:0,(anonymous_12)
DA:1,1
DA:5,6
DA:8,9
DA:9,0
DA:11,9
DA:14,2
DA:15,0
DA:17,2
DA:18,2
DA:19,2
DA:20,2
DA:22,2
DA:25,1
DA:28,1
DA:29,0
DA:31,1
DA:32,1
DA:33,3
DA:37,0
DA:38,0
DA:40,0
DA:43,4
DA:46,0
DA:47,0
DA:49,0
DA:50,0
DA:51,0
DA:55,0
DA:58,1
LF:29
LH:17
BRDA:8,0,0,0
BRDA:8,0,1,9
BRDA:14,1,0,0
BRDA:14,1,1,2
BRDA:14,2,0,2
BRDA:14,2,1,2
BRDA:28,3,0,0
BRDA:28,3,1,1
BRDA:28,4,0,1
BRDA:28,4,1,1
BRDA:37,5,0,0
BRDA:37,5,1,0
BRDA:37,6,0,0
BRDA:37,6,1,0
BRDA:46,7,0,0
BRDA:46,7,1,0
BRDA:46,8,0,0
BRDA:46,8,1,0
BRF:18
BRH:7
end_of_record
